
--------------------------------------------------
TXLib соболезнует...

Программа: C:\Users\1\Desktop\max_folder\inst\c_learning\programms\BinaryTree\tree.exe,

ВНЕЗАПНО: signal (22, 0x00): SIGABRT: Аварийное завершение программы, вызвана функция abort(). 

С помощью функции signal() вы можете сами обработать эту ошибку.

#1: TXLib [Ver: 00173a, Rev: 173, Date: 2024-06-23 22:37:05 +0400], Instance: 0x0050B2FC (32-bit), Flags: Cmdre0, Thread: 0x18AC (Main), errno: 22 (Invalid argument). 

--------------------------------------------------
Стек вызовов:



--------------------------------------------------
Developed with:

The Dumb Artist Library (TX Library)
TXLib [Ver: 00173a, Rev: 173, Date: 2024-06-23 22:37:05 +0400]
Copyright (C) Ded (Ilya Dedinsky, http://txlib.ru) <mail@txlib.ru>
See license on: http://txlib.ru

TXLib file:	c:\users\мария\codeblocks\mingw\include\txlib.h
Compiled:	Dec 27 2024 23:16:21, GNU g++ 4.8.1, std=201103L, MinGW Runtime 3.20, 32-bit, DEBUG
Started:	Jun 06 2025 00:16:23

Run file:	C:\Users\1\Desktop\max_folder\inst\c_learning\programms\BinaryTree\tree.exe
Directory:	C:\Users\1\Desktop\max_folder\inst\c_learning\programms\BinaryTree

--------------------------------------------------

--------------------------------------------------
TXLib соболезнует...

Программа: C:\Users\1\Desktop\max_folder\inst\c_learning\programms\BinaryTree\tree.exe,

ВНЕЗАПНО: signal (22, 0x00): SIGABRT: Аварийное завершение программы, вызвана функция abort(). 

С помощью функции signal() вы можете сами обработать эту ошибку.

#1: TXLib [Ver: 00173a, Rev: 173, Date: 2024-06-23 22:37:05 +0400], Instance: 0x0050B2FC (32-bit), Flags: Cmdre0, Thread: 0x3EA4 (Main), errno: 22 (Invalid argument). 

--------------------------------------------------
Стек вызовов:



--------------------------------------------------
Developed with:

The Dumb Artist Library (TX Library)
TXLib [Ver: 00173a, Rev: 173, Date: 2024-06-23 22:37:05 +0400]
Copyright (C) Ded (Ilya Dedinsky, http://txlib.ru) <mail@txlib.ru>
See license on: http://txlib.ru

TXLib file:	c:\users\мария\codeblocks\mingw\include\txlib.h
Compiled:	Dec 27 2024 23:16:21, GNU g++ 4.8.1, std=201103L, MinGW Runtime 3.20, 32-bit, DEBUG
Started:	Jun 19 2025 16:20:40

Run file:	C:\Users\1\Desktop\max_folder\inst\c_learning\programms\BinaryTree\tree.exe
Directory:	C:\Users\1\Desktop\max_folder\inst\c_learning\programms\BinaryTree

--------------------------------------------------

--------------------------------------------------
TXLib соболезнует...

Программа: C:\Users\1\Desktop\max_folder\inst\c_learning\programms\BinaryTree\tree.exe,

ВНЕЗАПНО: signal (22, 0x00): SIGABRT: Аварийное завершение программы, вызвана функция abort(). 

С помощью функции signal() вы можете сами обработать эту ошибку.

#1: TXLib [Ver: 00173a, Rev: 173, Date: 2024-06-23 22:37:05 +0400], Instance: 0x0050B2FC (32-bit), Flags: Cmdre0, Thread: 0x4100 (Main), errno: 22 (Invalid argument). 

--------------------------------------------------
Стек вызовов:



--------------------------------------------------
Developed with:

The Dumb Artist Library (TX Library)
TXLib [Ver: 00173a, Rev: 173, Date: 2024-06-23 22:37:05 +0400]
Copyright (C) Ded (Ilya Dedinsky, http://txlib.ru) <mail@txlib.ru>
See license on: http://txlib.ru

TXLib file:	c:\users\мария\codeblocks\mingw\include\txlib.h
Compiled:	Dec 27 2024 23:16:21, GNU g++ 4.8.1, std=201103L, MinGW Runtime 3.20, 32-bit, DEBUG
Started:	Jun 19 2025 16:22:09

Run file:	C:\Users\1\Desktop\max_folder\inst\c_learning\programms\BinaryTree\tree.exe
Directory:	C:\Users\1\Desktop\max_folder\inst\c_learning\programms\BinaryTree

--------------------------------------------------

--------------------------------------------------
TXLib предупреждает:

Программа: C:\Users\1\Desktop\max_folder\inst\c_learning\programms\BinaryTree\tree.exe,

ВНЕЗАПНО: Нарушение доступа к памяти.

#1: Исключение EXCEPTION_ACCESS_VIOLATION (0xC0000005) при выполнении кода по адресу 0x0042EE60. Попытка прочесть данные по адресу NULL в модуле C:\Users\1\Desktop\max_folder\inst\c_learning\programms\BinaryTree\tree.exe. Спасибо _txVectoredExceptionHandler(), что сообщил. Люблю его <3

#1: TXLib [Ver: 00173a, Rev: 173, Date: 2024-06-23 22:37:05 +0400], Instance: 0x0050B2FC (32-bit), Flags: Cmdre0, Thread: 0x1DC0 (Main), GetLastError(): 183 (Невозможно создать файл, так как он уже существует), errno: 22 (Invalid argument). 

--------------------------------------------------
Стек вызовов:



--------------------------------------------------
Developed with:

The Dumb Artist Library (TX Library)
TXLib [Ver: 00173a, Rev: 173, Date: 2024-06-23 22:37:05 +0400]
Copyright (C) Ded (Ilya Dedinsky, http://txlib.ru) <mail@txlib.ru>
See license on: http://txlib.ru

TXLib file:	c:\users\мария\codeblocks\mingw\include\txlib.h
Compiled:	Dec 27 2024 23:16:21, GNU g++ 4.8.1, std=201103L, MinGW Runtime 3.20, 32-bit, DEBUG
Started:	Jun 21 2025 12:47:57

Run file:	C:\Users\1\Desktop\max_folder\inst\c_learning\programms\BinaryTree\tree.exe
Directory:	C:\Users\1\Desktop\max_folder\inst\c_learning\programms\BinaryTree

--------------------------------------------------

--------------------------------------------------
TXLib соболезнует...

Программа: C:\Users\1\Desktop\max_folder\inst\c_learning\programms\BinaryTree\tree.exe,

ВНЕЗАПНО: signal (11, 0x00): SIGSEGV: Доступ по неверному указателю. Ставьте ассерты! 

Нарушение доступа к памяти.

#1: Исключение EXCEPTION_ACCESS_VIOLATION (0xC0000005) при выполнении кода по адресу 0x0042EE60. Попытка прочесть данные по адресу NULL в модуле C:\Users\1\Desktop\max_folder\inst\c_learning\programms\BinaryTree\tree.exe. Спасибо _txVectoredExceptionHandler(), что сообщил. Люблю его <3

С помощью функции signal() вы можете сами обработать эту ошибку.

#2: TXLib [Ver: 00173a, Rev: 173, Date: 2024-06-23 22:37:05 +0400], Instance: 0x0050B2FC (32-bit), Flags: Cmdre0, Thread: 0x1DC0 (Main), GetLastError(): 183 (Невозможно создать файл, так как он уже существует), errno: 22 (Invalid argument). 

--------------------------------------------------
Стек вызовов:



--------------------------------------------------
Developed with:

The Dumb Artist Library (TX Library)
TXLib [Ver: 00173a, Rev: 173, Date: 2024-06-23 22:37:05 +0400]
Copyright (C) Ded (Ilya Dedinsky, http://txlib.ru) <mail@txlib.ru>
See license on: http://txlib.ru

TXLib file:	c:\users\мария\codeblocks\mingw\include\txlib.h
Compiled:	Dec 27 2024 23:16:21, GNU g++ 4.8.1, std=201103L, MinGW Runtime 3.20, 32-bit, DEBUG
Started:	Jun 21 2025 12:47:57

Run file:	C:\Users\1\Desktop\max_folder\inst\c_learning\programms\BinaryTree\tree.exe
Directory:	C:\Users\1\Desktop\max_folder\inst\c_learning\programms\BinaryTree

--------------------------------------------------

--------------------------------------------------
TXLib предупреждает:

Программа: C:\Users\1\Desktop\max_folder\inst\c_learning\programms\BinaryTree\tree.exe,

ВНЕЗАПНО: Нарушение доступа к памяти.

#1: Исключение EXCEPTION_ACCESS_VIOLATION (0xC0000005) при выполнении кода по адресу 0x0042EE60. Попытка прочесть данные по адресу NULL в модуле C:\Users\1\Desktop\max_folder\inst\c_learning\programms\BinaryTree\tree.exe. Спасибо _txVectoredExceptionHandler(), что сообщил. Люблю его <3

#1: TXLib [Ver: 00173a, Rev: 173, Date: 2024-06-23 22:37:05 +0400], Instance: 0x0050B2FC (32-bit), Flags: Cmdre0, Thread: 0x3B8C (Main), GetLastError(): 183 (Невозможно создать файл, так как он уже существует), errno: 22 (Invalid argument). 

--------------------------------------------------
Стек вызовов:



--------------------------------------------------
Developed with:

The Dumb Artist Library (TX Library)
TXLib [Ver: 00173a, Rev: 173, Date: 2024-06-23 22:37:05 +0400]
Copyright (C) Ded (Ilya Dedinsky, http://txlib.ru) <mail@txlib.ru>
See license on: http://txlib.ru

TXLib file:	c:\users\мария\codeblocks\mingw\include\txlib.h
Compiled:	Dec 27 2024 23:16:21, GNU g++ 4.8.1, std=201103L, MinGW Runtime 3.20, 32-bit, DEBUG
Started:	Jun 21 2025 12:50:59

Run file:	C:\Users\1\Desktop\max_folder\inst\c_learning\programms\BinaryTree\tree.exe
Directory:	C:\Users\1\Desktop\max_folder\inst\c_learning\programms\BinaryTree

--------------------------------------------------

--------------------------------------------------
TXLib соболезнует...

Программа: C:\Users\1\Desktop\max_folder\inst\c_learning\programms\BinaryTree\tree.exe,

ВНЕЗАПНО: signal (11, 0x00): SIGSEGV: Доступ по неверному указателю. Ставьте ассерты! 

Нарушение доступа к памяти.

#1: Исключение EXCEPTION_ACCESS_VIOLATION (0xC0000005) при выполнении кода по адресу 0x0042EE60. Попытка прочесть данные по адресу NULL в модуле C:\Users\1\Desktop\max_folder\inst\c_learning\programms\BinaryTree\tree.exe. Спасибо _txVectoredExceptionHandler(), что сообщил. Люблю его <3

С помощью функции signal() вы можете сами обработать эту ошибку.

#2: TXLib [Ver: 00173a, Rev: 173, Date: 2024-06-23 22:37:05 +0400], Instance: 0x0050B2FC (32-bit), Flags: Cmdre0, Thread: 0x3B8C (Main), GetLastError(): 183 (Невозможно создать файл, так как он уже существует), errno: 22 (Invalid argument). 

--------------------------------------------------
Стек вызовов:



--------------------------------------------------
Developed with:

The Dumb Artist Library (TX Library)
TXLib [Ver: 00173a, Rev: 173, Date: 2024-06-23 22:37:05 +0400]
Copyright (C) Ded (Ilya Dedinsky, http://txlib.ru) <mail@txlib.ru>
See license on: http://txlib.ru

TXLib file:	c:\users\мария\codeblocks\mingw\include\txlib.h
Compiled:	Dec 27 2024 23:16:21, GNU g++ 4.8.1, std=201103L, MinGW Runtime 3.20, 32-bit, DEBUG
Started:	Jun 21 2025 12:50:59

Run file:	C:\Users\1\Desktop\max_folder\inst\c_learning\programms\BinaryTree\tree.exe
Directory:	C:\Users\1\Desktop\max_folder\inst\c_learning\programms\BinaryTree

--------------------------------------------------

--------------------------------------------------
TXLib предупреждает:

Программа: C:\Users\1\Desktop\max_folder\inst\c_learning\programms\BinaryTree\tree.exe,

ВНЕЗАПНО: Нарушение доступа к памяти.

#1: Исключение EXCEPTION_ACCESS_VIOLATION (0xC0000005) при выполнении кода по адресу 0x0042D799. Попытка прочесть данные по адресу 0x00000010 в модуле C:\Users\1\Desktop\max_folder\inst\c_learning\programms\BinaryTree\tree.exe. Спасибо _txVectoredExceptionHandler(), что сообщил. Люблю его <3

#1: TXLib [Ver: 00173a, Rev: 173, Date: 2024-06-23 22:37:05 +0400], Instance: 0x0050B2FC (32-bit), Flags: Cmdre0, Thread: 0x2EDC (Main), errno: 22 (Invalid argument). 

--------------------------------------------------
Стек вызовов:



--------------------------------------------------
Developed with:

The Dumb Artist Library (TX Library)
TXLib [Ver: 00173a, Rev: 173, Date: 2024-06-23 22:37:05 +0400]
Copyright (C) Ded (Ilya Dedinsky, http://txlib.ru) <mail@txlib.ru>
See license on: http://txlib.ru

TXLib file:	c:\users\мария\codeblocks\mingw\include\txlib.h
Compiled:	Dec 27 2024 23:16:21, GNU g++ 4.8.1, std=201103L, MinGW Runtime 3.20, 32-bit, DEBUG
Started:	Jun 21 2025 13:25:44

Run file:	C:\Users\1\Desktop\max_folder\inst\c_learning\programms\BinaryTree\tree.exe
Directory:	C:\Users\1\Desktop\max_folder\inst\c_learning\programms\BinaryTree

--------------------------------------------------

--------------------------------------------------
TXLib соболезнует...

Программа: C:\Users\1\Desktop\max_folder\inst\c_learning\programms\BinaryTree\tree.exe,

ВНЕЗАПНО: signal (11, 0x00): SIGSEGV: Доступ по неверному указателю. Ставьте ассерты! 

Нарушение доступа к памяти.

#1: Исключение EXCEPTION_ACCESS_VIOLATION (0xC0000005) при выполнении кода по адресу 0x0042D799. Попытка прочесть данные по адресу 0x00000010 в модуле C:\Users\1\Desktop\max_folder\inst\c_learning\programms\BinaryTree\tree.exe. Спасибо _txVectoredExceptionHandler(), что сообщил. Люблю его <3

С помощью функции signal() вы можете сами обработать эту ошибку.

#2: TXLib [Ver: 00173a, Rev: 173, Date: 2024-06-23 22:37:05 +0400], Instance: 0x0050B2FC (32-bit), Flags: Cmdre0, Thread: 0x2EDC (Main), errno: 22 (Invalid argument). 

--------------------------------------------------
Стек вызовов:



--------------------------------------------------
Developed with:

The Dumb Artist Library (TX Library)
TXLib [Ver: 00173a, Rev: 173, Date: 2024-06-23 22:37:05 +0400]
Copyright (C) Ded (Ilya Dedinsky, http://txlib.ru) <mail@txlib.ru>
See license on: http://txlib.ru

TXLib file:	c:\users\мария\codeblocks\mingw\include\txlib.h
Compiled:	Dec 27 2024 23:16:21, GNU g++ 4.8.1, std=201103L, MinGW Runtime 3.20, 32-bit, DEBUG
Started:	Jun 21 2025 13:25:44

Run file:	C:\Users\1\Desktop\max_folder\inst\c_learning\programms\BinaryTree\tree.exe
Directory:	C:\Users\1\Desktop\max_folder\inst\c_learning\programms\BinaryTree

--------------------------------------------------

--------------------------------------------------
TXLib предупреждает:

Программа: C:\Users\1\Desktop\max_folder\inst\c_learning\programms\BinaryTree\tree.exe,

ВНЕЗАПНО: Нарушение доступа к памяти.

#1: Исключение EXCEPTION_ACCESS_VIOLATION (0xC0000005) при выполнении кода по адресу 0x0042D799. Попытка прочесть данные по адресу 0x00000010 в модуле C:\Users\1\Desktop\max_folder\inst\c_learning\programms\BinaryTree\tree.exe. Спасибо _txVectoredExceptionHandler(), что сообщил. Люблю его <3

#1: TXLib [Ver: 00173a, Rev: 173, Date: 2024-06-23 22:37:05 +0400], Instance: 0x0050B2FC (32-bit), Flags: Cmdre0, Thread: 0x2058 (Main), errno: 22 (Invalid argument). 

--------------------------------------------------
Стек вызовов:



--------------------------------------------------
Developed with:

The Dumb Artist Library (TX Library)
TXLib [Ver: 00173a, Rev: 173, Date: 2024-06-23 22:37:05 +0400]
Copyright (C) Ded (Ilya Dedinsky, http://txlib.ru) <mail@txlib.ru>
See license on: http://txlib.ru

TXLib file:	c:\users\мария\codeblocks\mingw\include\txlib.h
Compiled:	Dec 27 2024 23:16:21, GNU g++ 4.8.1, std=201103L, MinGW Runtime 3.20, 32-bit, DEBUG
Started:	Jun 21 2025 13:27:03

Run file:	C:\Users\1\Desktop\max_folder\inst\c_learning\programms\BinaryTree\tree.exe
Directory:	C:\Users\1\Desktop\max_folder\inst\c_learning\programms\BinaryTree

--------------------------------------------------

--------------------------------------------------
TXLib соболезнует...

Программа: C:\Users\1\Desktop\max_folder\inst\c_learning\programms\BinaryTree\tree.exe,

ВНЕЗАПНО: signal (11, 0x00): SIGSEGV: Доступ по неверному указателю. Ставьте ассерты! 

Нарушение доступа к памяти.

#1: Исключение EXCEPTION_ACCESS_VIOLATION (0xC0000005) при выполнении кода по адресу 0x0042D799. Попытка прочесть данные по адресу 0x00000010 в модуле C:\Users\1\Desktop\max_folder\inst\c_learning\programms\BinaryTree\tree.exe. Спасибо _txVectoredExceptionHandler(), что сообщил. Люблю его <3

С помощью функции signal() вы можете сами обработать эту ошибку.

#2: TXLib [Ver: 00173a, Rev: 173, Date: 2024-06-23 22:37:05 +0400], Instance: 0x0050B2FC (32-bit), Flags: Cmdre0, Thread: 0x2058 (Main), errno: 22 (Invalid argument). 

--------------------------------------------------
Стек вызовов:



--------------------------------------------------
Developed with:

The Dumb Artist Library (TX Library)
TXLib [Ver: 00173a, Rev: 173, Date: 2024-06-23 22:37:05 +0400]
Copyright (C) Ded (Ilya Dedinsky, http://txlib.ru) <mail@txlib.ru>
See license on: http://txlib.ru

TXLib file:	c:\users\мария\codeblocks\mingw\include\txlib.h
Compiled:	Dec 27 2024 23:16:21, GNU g++ 4.8.1, std=201103L, MinGW Runtime 3.20, 32-bit, DEBUG
Started:	Jun 21 2025 13:27:03

Run file:	C:\Users\1\Desktop\max_folder\inst\c_learning\programms\BinaryTree\tree.exe
Directory:	C:\Users\1\Desktop\max_folder\inst\c_learning\programms\BinaryTree

--------------------------------------------------

--------------------------------------------------
TXLib соболезнует...

Программа: C:\Users\1\Desktop\max_folder\inst\c_learning\programms\BinaryTree\tree.exe,

ВНЕЗАПНО: signal (22, 0x00): SIGABRT: Аварийное завершение программы, вызвана функция abort(). 

С помощью функции signal() вы можете сами обработать эту ошибку.

#1: TXLib [Ver: 00173a, Rev: 173, Date: 2024-06-23 22:37:05 +0400], Instance: 0x0050B2FC (32-bit), Flags: Cmdre0, Thread: 0x1D04 (Main), errno: 22 (Invalid argument). 

--------------------------------------------------
Стек вызовов:



--------------------------------------------------
Developed with:

The Dumb Artist Library (TX Library)
TXLib [Ver: 00173a, Rev: 173, Date: 2024-06-23 22:37:05 +0400]
Copyright (C) Ded (Ilya Dedinsky, http://txlib.ru) <mail@txlib.ru>
See license on: http://txlib.ru

TXLib file:	c:\users\мария\codeblocks\mingw\include\txlib.h
Compiled:	Dec 27 2024 23:16:21, GNU g++ 4.8.1, std=201103L, MinGW Runtime 3.20, 32-bit, DEBUG
Started:	Jun 21 2025 13:31:49

Run file:	C:\Users\1\Desktop\max_folder\inst\c_learning\programms\BinaryTree\tree.exe
Directory:	C:\Users\1\Desktop\max_folder\inst\c_learning\programms\BinaryTree

--------------------------------------------------
